warning: unused imports: `MatchOptions`, `glob_with`
 --> src/helpers/gen_funcs.rs:9:12
  |
9 | use glob::{glob_with, MatchOptions};
  |            ^^^^^^^^^  ^^^^^^^^^^^^
  |
  = note: `#[warn(unused_imports)]` on by default

warning: unused import: `Path`
 --> src/helpers/requests.rs:7:26
  |
7 | use std::path::{Display, Path, PathBuf};
  |                          ^^^^

warning: unused import: `std::pin::pin`
 --> src/helpers/requests.rs:9:5
  |
9 | use std::pin::pin;
  |     ^^^^^^^^^^^^^

warning: unused variable: `data`
  --> src/helpers/requests.rs:87:16
   |
87 |             Ok(data) => {}
   |                ^^^^ help: if this is intentional, prefix it with an underscore: `_data`
   |
   = note: `#[warn(unused_variables)]` on by default

warning: unused variable: `data`
  --> src/helpers/requests.rs:88:17
   |
88 |             Err(data) => {}
   |                 ^^^^ help: if this is intentional, prefix it with an underscore: `_data`

warning: variable does not need to be mutable
  --> src/helpers/requests.rs:77:13
   |
77 |         let mut config_path = app_path.join("pinepods_config.json");
   |             ----^^^^^^^^^^^
   |             |
   |             help: remove this `mut`
   |
   = note: `#[warn(unused_mut)]` on by default

warning: function `create_app_path` is never used
  --> src/helpers/requests.rs:70:4
   |
70 | fn create_app_path(app_path: &Display) -> std::io::Result<()> {
   |    ^^^^^^^^^^^^^^^
   |
   = note: `#[warn(dead_code)]` on by default

warning: field `pinepods_instance` is never read
 --> src/helpers/models.rs:6:16
  |
4 | pub struct PinepodsCheck {
  |            ------------- field in this struct
5 |     pub status_code: u16,
6 |     pub(crate) pinepods_instance: bool
  |                ^^^^^^^^^^^^^^^^^
  |
  = note: `PinepodsCheck` has a derived impl for the trait `Debug`, but this is intentionally ignored during dead code analysis

warning: fields `status` and `retrieved_id` are never read
  --> src/helpers/models.rs:11:5
   |
10 | pub struct PinepodsUserResponse {
   |            -------------------- fields in this struct
11 |     status: String,
   |     ^^^^^^
12 |     retrieved_id: Option<i32> // Assuming id is a u32, adjust as needed. Using Option if id might not always be present.
   |     ^^^^^^^^^^^^
   |
   = note: `PinepodsUserResponse` has a derived impl for the trait `Debug`, but this is intentionally ignored during dead code analysis

warning: `pinepods_firewood` (lib) generated 9 warnings (run `cargo fix --lib -p pinepods_firewood` to apply 6 suggestions)
   Compiling pinepods_firewood v0.1.0 (/home/collinp/Documents/GitHub/pinepods-firewood)
warning: unused imports: `debug`, `error`, `info`, `warn`
 --> src/app.rs:8:11
  |
8 | use log::{info, debug, warn, error};
  |           ^^^^  ^^^^^  ^^^^  ^^^^^
  |
  = note: `#[warn(unused_imports)]` on by default

warning: unused import: `error::Error`
 --> src/main.rs:5:5
  |
5 |     error::Error,
  |     ^^^^^^^^^^^^

warning: unused import: `std::fmt::format`
  --> src/main.rs:11:5
   |
11 | use std::fmt::format;
   |     ^^^^^^^^^^^^^^^^

warning: unused import: `std::thread::sleep`
  --> src/main.rs:12:5
   |
12 | use std::thread::sleep;
   |     ^^^^^^^^^^^^^^^^^^

warning: unused imports: `ExecutableCommand`, `KeyEventKind`
  --> src/main.rs:15:56
   |
15 |     event::{self, DisableMouseCapture, Event, KeyCode, KeyEventKind},
   |                                                        ^^^^^^^^^^^^
...
18 |     ExecutableCommand
   |     ^^^^^^^^^^^^^^^^^

warning: unused import: `Paragraph`
  --> src/main.rs:25:90
   |
25 |     widgets::{Block, BorderType, Borders, Cell, Gauge, List, ListItem, Row, Table, Tabs, Paragraph},
   |                                                                                          ^^^^^^^^^

warning: unused import: `std::ops::Not`
  --> src/main.rs:31:5
   |
31 | use std::ops::Not;
   |     ^^^^^^^^^^^^^

warning: unused import: `stderr`
  --> src/main.rs:32:22
   |
32 | use std::io::{Write, stderr, Result};
   |                      ^^^^^^

warning: unused import: `serde_json::to_string`
  --> src/main.rs:34:5
   |
34 | use serde_json::to_string;
   |     ^^^^^^^^^^^^^^^^^^^^^

warning: unused imports: `debug`, `info`, `warn`
  --> src/main.rs:36:11
   |
36 | use log::{info, debug, warn, error};
   |           ^^^^  ^^^^^  ^^^^

warning: unnecessary parentheses around function argument
   --> src/main.rs:121:50
    |
121 |                     let url_build = String::from((format!("{}{}{}", web_protocol.to_lowercase().trim(), "://", hostname.trim())));
    |                                                  ^                                                                             ^
    |
    = note: `#[warn(unused_parens)]` on by default
help: remove these parentheses
    |
121 -                     let url_build = String::from((format!("{}{}{}", web_protocol.to_lowercase().trim(), "://", hostname.trim())));
121 +                     let url_build = String::from(format!("{}{}{}", web_protocol.to_lowercase().trim(), "://", hostname.trim()));
    |

warning: unused import: `Stylize`
  --> src/main.rs:21:33
   |
21 |     prelude::{CrosstermBackend, Stylize, Terminal, Backend},
   |                                 ^^^^^^^

warning: unused import: `Write`
  --> src/main.rs:32:15
   |
32 | use std::io::{Write, stderr, Result};
   |               ^^^^^

warning: unused variable: `data`
  --> src/main.rs:84:17
   |
84 |             Err(data) => {
   |                 ^^^^ help: if this is intentional, prefix it with an underscore: `_data`
   |
   = note: `#[warn(unused_variables)]` on by default

warning: unused variable: `data`
   --> src/main.rs:133:44
    |
133 | ...                   Ok(data) => {
    |                          ^^^^ help: if this is intentional, prefix it with an underscore: `_data`

warning: unused variable: `data`
   --> src/main.rs:138:56
    |
138 | ...                   Ok(data) => { break }
    |                          ^^^^ help: if this is intentional, prefix it with an underscore: `_data`

warning: unused variable: `e`
   --> src/main.rs:139:57
    |
139 | ...                   Err(e) => panic!("Unable to save configuration! Maybe you don't have permission to config location")
    |                           ^ help: if this is intentional, prefix it with an underscore: `_e`

warning: variable does not need to be mutable
  --> src/main.rs:54:9
   |
54 |     let mut shared_values = Arc::new(Mutex::new(pinepods_firewood::helpers::requests::ReqwestValues {
   |         ----^^^^^^^^^^^^^
   |         |
   |         help: remove this `mut`
   |
   = note: `#[warn(unused_mut)]` on by default

warning: variable does not need to be mutable
   --> src/main.rs:168:9
    |
168 |     let mut pinepods_values = shared_values.lock().unwrap();
    |         ----^^^^^^^^^^^^^^^
    |         |
    |         help: remove this `mut`

warning: fields `status_code` and `pinepods_instance` are never read
  --> src/main.rs:41:5
   |
40 | struct PinepodsCheck {
   |        ------------- fields in this struct
41 |     status_code: u16,
   |     ^^^^^^^^^^^
42 |     pinepods_instance: bool
   |     ^^^^^^^^^^^^^^^^^
   |
   = note: `PinepodsCheck` has a derived impl for the trait `Debug`, but this is intentionally ignored during dead code analysis
   = note: `#[warn(dead_code)]` on by default

warning: `pinepods_firewood` (bin "pinepods_firewood") generated 20 warnings (run `cargo fix --bin "pinepods_firewood"` to apply 17 suggestions)
    Finished dev [unoptimized + debuginfo] target(s) in 3.53s
     Running `target/debug/pinepods_firewood`
[src/helpers/requests.rs:82] &config_json = Object {
    "api_key": String("WXa1k57r9Me2iImu8rP3ebLOyWwUkKKS286OS3dv0KxW1Wv2eAmfdoJdoc4PnPqO\n"),
    "url": String("https://pinepods.collinpendleton.com"),
}
[2023-10-26T12:28:34Z ERROR pinepods_firewood::helpers::requests] in return pods...
[2023-10-26T12:28:34Z ERROR pinepods_firewood] Setting up terminal...
[2023-10-26T12:28:34Z ERROR pinepods_firewood] creating app...
[2023-10-26T12:28:34Z ERROR pinepods_firewood] running app...
[2023-10-26T12:28:34Z ERROR pinepods_firewood::helpers::gen_funcs] before lock...
[2023-10-26T12:28:34Z ERROR pinepods_firewood::helpers::requests] in return pods...
[2023-10-26T12:28:34Z ERROR pinepods_firewood::helpers::gen_funcs] pods return finished...
[2023-10-26T12:28:34Z ERROR pinepods_firewood::helpers::gen_funcs] after lock...
[2023-10-26T12:28:34Z ERROR pinepods_firewood] in run_app...
[2023-10-26T12:28:34Z ERROR pinepods_firewood] Before crossterm poll...
[2023-10-26T12:28:35Z ERROR pinepods_firewood] After crossterm poll...
[2023-10-26T12:28:35Z ERROR pinepods_firewood] Before crossterm poll...
[2023-10-26T12:28:36Z ERROR pinepods_firewood] After crossterm poll...
[2023-10-26T12:28:36Z ERROR pinepods_firewood] Before crossterm poll...
[2023-10-26T12:28:37Z ERROR pinepods_firewood] After crossterm poll...
[2023-10-26T12:28:37Z ERROR pinepods_firewood] Before crossterm poll...
[2023-10-26T12:28:38Z ERROR pinepods_firewood] After crossterm poll...
[2023-10-26T12:28:38Z ERROR pinepods_firewood] Before crossterm poll...
[2023-10-26T12:28:39Z ERROR pinepods_firewood] After crossterm poll...
[2023-10-26T12:28:39Z ERROR pinepods_firewood] Before crossterm poll...
[2023-10-26T12:28:40Z ERROR pinepods_firewood] After crossterm poll...
[2023-10-26T12:28:40Z ERROR pinepods_firewood] Before crossterm poll...
[2023-10-26T12:28:41Z ERROR pinepods_firewood] After crossterm poll...
[2023-10-26T12:28:41Z ERROR pinepods_firewood] Before crossterm poll...
[2023-10-26T12:28:42Z ERROR pinepods_firewood] After crossterm poll...
[2023-10-26T12:28:42Z ERROR pinepods_firewood] Before crossterm poll...
[2023-10-26T12:28:43Z ERROR pinepods_firewood] After crossterm poll...
[2023-10-26T12:28:43Z ERROR pinepods_firewood] Before crossterm poll...
[2023-10-26T12:28:44Z ERROR pinepods_firewood] After crossterm poll...
[2023-10-26T12:28:44Z ERROR pinepods_firewood] Before crossterm poll...
[2023-10-26T12:28:45Z ERROR pinepods_firewood] After crossterm poll...
[2023-10-26T12:28:45Z ERROR pinepods_firewood] Before crossterm poll...
[2023-10-26T12:28:46Z ERROR pinepods_firewood] After crossterm poll...
[2023-10-26T12:28:46Z ERROR pinepods_firewood] Before crossterm poll...
[2023-10-26T12:28:47Z ERROR pinepods_firewood] After crossterm poll...
[2023-10-26T12:28:47Z ERROR pinepods_firewood] Before crossterm poll...
[2023-10-26T12:28:48Z ERROR pinepods_firewood] After crossterm poll...
[2023-10-26T12:28:48Z ERROR pinepods_firewood] Before crossterm poll...
[2023-10-26T12:28:49Z ERROR pinepods_firewood] After crossterm poll...
[2023-10-26T12:28:49Z ERROR pinepods_firewood] Before crossterm poll...
[2023-10-26T12:28:50Z ERROR pinepods_firewood] After crossterm poll...
[2023-10-26T12:28:50Z ERROR pinepods_firewood] Before crossterm poll...
[2023-10-26T12:28:51Z ERROR pinepods_firewood] After crossterm poll...
[2023-10-26T12:28:51Z ERROR pinepods_firewood] Before crossterm poll...
[2023-10-26T12:28:52Z ERROR pinepods_firewood] After crossterm poll...
[2023-10-26T12:28:52Z ERROR pinepods_firewood] Before crossterm poll...
[2023-10-26T12:28:53Z ERROR pinepods_firewood] After crossterm poll...
[2023-10-26T12:28:53Z ERROR pinepods_firewood] Before crossterm poll...
[2023-10-26T12:28:54Z ERROR pinepods_firewood] After crossterm poll...
[2023-10-26T12:28:54Z ERROR pinepods_firewood] Before crossterm poll...
[2023-10-26T12:28:55Z ERROR pinepods_firewood] After crossterm poll...
[2023-10-26T12:28:55Z ERROR pinepods_firewood] Before crossterm poll...
[2023-10-26T12:28:56Z ERROR pinepods_firewood] After crossterm poll...
[2023-10-26T12:28:56Z ERROR pinepods_firewood] Before crossterm poll...
[2023-10-26T12:28:57Z ERROR pinepods_firewood] After crossterm poll...
[2023-10-26T12:28:57Z ERROR pinepods_firewood] Before crossterm poll...
[2023-10-26T12:28:58Z ERROR pinepods_firewood] After crossterm poll...
[2023-10-26T12:28:58Z ERROR pinepods_firewood] Before crossterm poll...
[2023-10-26T12:28:59Z ERROR pinepods_firewood] After crossterm poll...
[2023-10-26T12:28:59Z ERROR pinepods_firewood] Before crossterm poll...
[2023-10-26T12:29:00Z ERROR pinepods_firewood] After crossterm poll...
[2023-10-26T12:29:00Z ERROR pinepods_firewood] Before crossterm poll...
[2023-10-26T12:29:01Z ERROR pinepods_firewood] After crossterm poll...
[2023-10-26T12:29:01Z ERROR pinepods_firewood] Before crossterm poll...
[2023-10-26T12:29:02Z ERROR pinepods_firewood] After crossterm poll...
[2023-10-26T12:29:02Z ERROR pinepods_firewood] Before crossterm poll...
[2023-10-26T12:29:03Z ERROR pinepods_firewood] After crossterm poll...
[2023-10-26T12:29:03Z ERROR pinepods_firewood] Before crossterm poll...
[2023-10-26T12:29:04Z ERROR pinepods_firewood] After crossterm poll...
[2023-10-26T12:29:04Z ERROR pinepods_firewood] Before crossterm poll...
[2023-10-26T12:29:05Z ERROR pinepods_firewood] After crossterm poll...
[2023-10-26T12:29:05Z ERROR pinepods_firewood] Before crossterm poll...
[2023-10-26T12:29:06Z ERROR pinepods_firewood] After crossterm poll...
[2023-10-26T12:29:06Z ERROR pinepods_firewood] Before crossterm poll...
[2023-10-26T12:29:07Z ERROR pinepods_firewood] After crossterm poll...
[2023-10-26T12:29:07Z ERROR pinepods_firewood] Before crossterm poll...
[2023-10-26T12:29:08Z ERROR pinepods_firewood] After crossterm poll...
[2023-10-26T12:29:08Z ERROR pinepods_firewood] Before crossterm poll...
[2023-10-26T12:29:09Z ERROR pinepods_firewood] After crossterm poll...
[2023-10-26T12:29:09Z ERROR pinepods_firewood] Before crossterm poll...
[2023-10-26T12:29:10Z ERROR pinepods_firewood] After crossterm poll...
[2023-10-26T12:29:10Z ERROR pinepods_firewood] Before crossterm poll...
[2023-10-26T12:29:11Z ERROR pinepods_firewood] After crossterm poll...
[2023-10-26T12:29:11Z ERROR pinepods_firewood] Before crossterm poll...
[2023-10-26T12:29:12Z ERROR pinepods_firewood] After crossterm poll...
[2023-10-26T12:29:12Z ERROR pinepods_firewood] Before crossterm poll...
[2023-10-26T12:29:13Z ERROR pinepods_firewood] After crossterm poll...
[2023-10-26T12:29:13Z ERROR pinepods_firewood] Before crossterm poll...
[2023-10-26T12:29:14Z ERROR pinepods_firewood] After crossterm poll...
[2023-10-26T12:29:15Z ERROR pinepods_firewood] Before crossterm poll...
[2023-10-26T12:29:15Z ERROR pinepods_firewood] After crossterm poll...
[2023-10-26T12:29:16Z ERROR pinepods_firewood] Before crossterm poll...
[2023-10-26T12:29:16Z ERROR pinepods_firewood] After crossterm poll...
[2023-10-26T12:29:17Z ERROR pinepods_firewood] Before crossterm poll...
[2023-10-26T12:29:17Z ERROR pinepods_firewood] After crossterm poll...
[2023-10-26T12:29:18Z ERROR pinepods_firewood] Before crossterm poll...
[2023-10-26T12:29:18Z ERROR pinepods_firewood] After crossterm poll...
[2023-10-26T12:29:19Z ERROR pinepods_firewood] Before crossterm poll...
[2023-10-26T12:29:20Z ERROR pinepods_firewood] After crossterm poll...
[2023-10-26T12:29:20Z ERROR pinepods_firewood] Before crossterm poll...
[2023-10-26T12:29:21Z ERROR pinepods_firewood] After crossterm poll...
[2023-10-26T12:29:21Z ERROR pinepods_firewood] Before crossterm poll...
[2023-10-26T12:29:22Z ERROR pinepods_firewood] After crossterm poll...
[2023-10-26T12:29:22Z ERROR pinepods_firewood] Before crossterm poll...
[2023-10-26T12:29:23Z ERROR pinepods_firewood] After crossterm poll...
[2023-10-26T12:29:23Z ERROR pinepods_firewood] Before crossterm poll...
[2023-10-26T12:29:24Z ERROR pinepods_firewood] After crossterm poll...
[2023-10-26T12:29:24Z ERROR pinepods_firewood] Before crossterm poll...
[2023-10-26T12:29:25Z ERROR pinepods_firewood] After crossterm poll...
[2023-10-26T12:29:25Z ERROR pinepods_firewood] Before crossterm poll...
[2023-10-26T12:29:26Z ERROR pinepods_firewood] After crossterm poll...
[2023-10-26T12:29:26Z ERROR pinepods_firewood] Before crossterm poll...
[2023-10-26T12:29:27Z ERROR pinepods_firewood] After crossterm poll...
[2023-10-26T12:29:27Z ERROR pinepods_firewood] Before crossterm poll...
[2023-10-26T12:29:28Z ERROR pinepods_firewood] After crossterm poll...
[2023-10-26T12:29:28Z ERROR pinepods_firewood] Before crossterm poll...
[2023-10-26T12:29:29Z ERROR pinepods_firewood] After crossterm poll...
[2023-10-26T12:29:29Z ERROR pinepods_firewood] Before crossterm poll...
[2023-10-26T12:29:30Z ERROR pinepods_firewood] After crossterm poll...
[2023-10-26T12:29:30Z ERROR pinepods_firewood] Before crossterm poll...
[2023-10-26T12:29:31Z ERROR pinepods_firewood] After crossterm poll...
[2023-10-26T12:29:31Z ERROR pinepods_firewood] Before crossterm poll...
[2023-10-26T12:29:32Z ERROR pinepods_firewood] After crossterm poll...
[2023-10-26T12:29:32Z ERROR pinepods_firewood] Before crossterm poll...
[2023-10-26T12:29:33Z ERROR pinepods_firewood] After crossterm poll...
[2023-10-26T12:29:33Z ERROR pinepods_firewood] Before crossterm poll...
[2023-10-26T12:29:34Z ERROR pinepods_firewood] After crossterm poll...
[2023-10-26T12:29:34Z ERROR pinepods_firewood] Before crossterm poll...
[2023-10-26T12:29:35Z ERROR pinepods_firewood] After crossterm poll...
[2023-10-26T12:29:35Z ERROR pinepods_firewood] Before crossterm poll...
[2023-10-26T12:29:36Z ERROR pinepods_firewood] After crossterm poll...
[2023-10-26T12:29:36Z ERROR pinepods_firewood] Before crossterm poll...
[2023-10-26T12:29:37Z ERROR pinepods_firewood] After crossterm poll...
[2023-10-26T12:29:37Z ERROR pinepods_firewood] Before crossterm poll...
[2023-10-26T12:29:38Z ERROR pinepods_firewood] After crossterm poll...
[2023-10-26T12:29:38Z ERROR pinepods_firewood] Before crossterm poll...
[2023-10-26T12:29:39Z ERROR pinepods_firewood] After crossterm poll...
[2023-10-26T12:29:39Z ERROR pinepods_firewood] Before crossterm poll...
[2023-10-26T12:29:40Z ERROR pinepods_firewood] After crossterm poll...
[2023-10-26T12:29:40Z ERROR pinepods_firewood] Before crossterm poll...
[2023-10-26T12:29:41Z ERROR pinepods_firewood] After crossterm poll...
[2023-10-26T12:29:41Z ERROR pinepods_firewood] Before crossterm poll...
[2023-10-26T12:29:42Z ERROR pinepods_firewood] After crossterm poll...
[2023-10-26T12:29:42Z ERROR pinepods_firewood] Before crossterm poll...
[2023-10-26T12:29:43Z ERROR pinepods_firewood] After crossterm poll...
[2023-10-26T12:29:43Z ERROR pinepods_firewood] Before crossterm poll...
[2023-10-26T12:29:44Z ERROR pinepods_firewood] After crossterm poll...
[2023-10-26T12:29:44Z ERROR pinepods_firewood] Before crossterm poll...
[2023-10-26T12:29:45Z ERROR pinepods_firewood] After crossterm poll...
[2023-10-26T12:29:45Z ERROR pinepods_firewood] Before crossterm poll...
[2023-10-26T12:29:46Z ERROR pinepods_firewood] After crossterm poll...
[2023-10-26T12:29:46Z ERROR pinepods_firewood] Before crossterm poll...
[2023-10-26T12:29:47Z ERROR pinepods_firewood] After crossterm poll...
[2023-10-26T12:29:47Z ERROR pinepods_firewood] Before crossterm poll...
[2023-10-26T12:29:48Z ERROR pinepods_firewood] After crossterm poll...
[2023-10-26T12:29:48Z ERROR pinepods_firewood] Before crossterm poll...
[2023-10-26T12:29:49Z ERROR pinepods_firewood] After crossterm poll...
[2023-10-26T12:29:49Z ERROR pinepods_firewood] Before crossterm poll...
[2023-10-26T12:29:50Z ERROR pinepods_firewood] After crossterm poll...
[2023-10-26T12:29:50Z ERROR pinepods_firewood] Before crossterm poll...
[2023-10-26T12:29:51Z ERROR pinepods_firewood] After crossterm poll...
[2023-10-26T12:29:51Z ERROR pinepods_firewood] Before crossterm poll...
[2023-10-26T12:29:52Z ERROR pinepods_firewood] After crossterm poll...
[2023-10-26T12:29:52Z ERROR pinepods_firewood] Before crossterm poll...
[2023-10-26T12:29:53Z ERROR pinepods_firewood] After crossterm poll...
[2023-10-26T12:29:53Z ERROR pinepods_firewood] Before crossterm poll...
[2023-10-26T12:29:54Z ERROR pinepods_firewood] After crossterm poll...
[2023-10-26T12:29:54Z ERROR pinepods_firewood] Before crossterm poll...
[2023-10-26T12:29:55Z ERROR pinepods_firewood] After crossterm poll...
[2023-10-26T12:29:55Z ERROR pinepods_firewood] Before crossterm poll...
[2023-10-26T12:29:56Z ERROR pinepods_firewood] After crossterm poll...
[2023-10-26T12:29:56Z ERROR pinepods_firewood] Before crossterm poll...
[2023-10-26T12:29:57Z ERROR pinepods_firewood] After crossterm poll...
[2023-10-26T12:29:57Z ERROR pinepods_firewood] Before crossterm poll...
[2023-10-26T12:29:58Z ERROR pinepods_firewood] After crossterm poll...
[2023-10-26T12:29:58Z ERROR pinepods_firewood] Before crossterm poll...
[2023-10-26T12:29:59Z ERROR pinepods_firewood] After crossterm poll...
[2023-10-26T12:29:59Z ERROR pinepods_firewood] Before crossterm poll...
[2023-10-26T12:30:00Z ERROR pinepods_firewood] After crossterm poll...
[2023-10-26T12:30:00Z ERROR pinepods_firewood] Before crossterm poll...
[2023-10-26T12:30:01Z ERROR pinepods_firewood] After crossterm poll...
[2023-10-26T12:30:01Z ERROR pinepods_firewood] Before crossterm poll...
[2023-10-26T12:30:02Z ERROR pinepods_firewood] After crossterm poll...
[2023-10-26T12:30:02Z ERROR pinepods_firewood] Before crossterm poll...
[2023-10-26T12:30:03Z ERROR pinepods_firewood] After crossterm poll...
[2023-10-26T12:30:03Z ERROR pinepods_firewood] Before crossterm poll...
[2023-10-26T12:30:04Z ERROR pinepods_firewood] After crossterm poll...
[2023-10-26T12:30:04Z ERROR pinepods_firewood] Before crossterm poll...
[2023-10-26T12:30:05Z ERROR pinepods_firewood] After crossterm poll...
[2023-10-26T12:30:05Z ERROR pinepods_firewood] Before crossterm poll...
[2023-10-26T12:30:06Z ERROR pinepods_firewood] After crossterm poll...
[2023-10-26T12:30:06Z ERROR pinepods_firewood] Before crossterm poll...
[2023-10-26T12:30:07Z ERROR pinepods_firewood] After crossterm poll...
[2023-10-26T12:30:07Z ERROR pinepods_firewood] Before crossterm poll...
[2023-10-26T12:30:08Z ERROR pinepods_firewood] After crossterm poll...
[2023-10-26T12:30:08Z ERROR pinepods_firewood] Before crossterm poll...
[2023-10-26T12:30:09Z ERROR pinepods_firewood] After crossterm poll...
[2023-10-26T12:30:09Z ERROR pinepods_firewood] Before crossterm poll...
[2023-10-26T12:30:10Z ERROR pinepods_firewood] After crossterm poll...
[2023-10-26T12:30:10Z ERROR pinepods_firewood] Before crossterm poll...
[2023-10-26T12:30:11Z ERROR pinepods_firewood] After crossterm poll...
[2023-10-26T12:30:11Z ERROR pinepods_firewood] Before crossterm poll...
[2023-10-26T12:30:12Z ERROR pinepods_firewood] After crossterm poll...
[2023-10-26T12:30:12Z ERROR pinepods_firewood] Before crossterm poll...
[2023-10-26T12:30:13Z ERROR pinepods_firewood] After crossterm poll...
[2023-10-26T12:30:13Z ERROR pinepods_firewood] Before crossterm poll...
[2023-10-26T12:30:14Z ERROR pinepods_firewood] After crossterm poll...
[2023-10-26T12:30:14Z ERROR pinepods_firewood] Before crossterm poll...
[2023-10-26T12:30:15Z ERROR pinepods_firewood] After crossterm poll...
[2023-10-26T12:30:15Z ERROR pinepods_firewood] Before crossterm poll...
[2023-10-26T12:30:16Z ERROR pinepods_firewood] After crossterm poll...
[2023-10-26T12:30:16Z ERROR pinepods_firewood] Before crossterm poll...
[2023-10-26T12:30:17Z ERROR pinepods_firewood] After crossterm poll...
[2023-10-26T12:30:17Z ERROR pinepods_firewood] Before crossterm poll...
[2023-10-26T12:30:18Z ERROR pinepods_firewood] After crossterm poll...
[2023-10-26T12:30:18Z ERROR pinepods_firewood] Before crossterm poll...
[2023-10-26T12:30:19Z ERROR pinepods_firewood] After crossterm poll...
[2023-10-26T12:30:19Z ERROR pinepods_firewood] Before crossterm poll...
[2023-10-26T12:30:20Z ERROR pinepods_firewood] After crossterm poll...
[2023-10-26T12:30:20Z ERROR pinepods_firewood] Before crossterm poll...
[2023-10-26T12:30:21Z ERROR pinepods_firewood] After crossterm poll...
[2023-10-26T12:30:21Z ERROR pinepods_firewood] Before crossterm poll...
[2023-10-26T12:30:22Z ERROR pinepods_firewood] After crossterm poll...
[2023-10-26T12:30:22Z ERROR pinepods_firewood] Before crossterm poll...
[2023-10-26T12:30:23Z ERROR pinepods_firewood] After crossterm poll...
[2023-10-26T12:30:23Z ERROR pinepods_firewood] Before crossterm poll...
[2023-10-26T12:30:24Z ERROR pinepods_firewood] After crossterm poll...
[2023-10-26T12:30:24Z ERROR pinepods_firewood] Before crossterm poll...
[2023-10-26T12:30:25Z ERROR pinepods_firewood] After crossterm poll...
[2023-10-26T12:30:25Z ERROR pinepods_firewood] Before crossterm poll...
[2023-10-26T12:30:26Z ERROR pinepods_firewood] After crossterm poll...
[2023-10-26T12:30:26Z ERROR pinepods_firewood] Before crossterm poll...
[2023-10-26T12:30:27Z ERROR pinepods_firewood] After crossterm poll...
[2023-10-26T12:30:27Z ERROR pinepods_firewood] Before crossterm poll...
[2023-10-26T12:30:28Z ERROR pinepods_firewood] After crossterm poll...
[2023-10-26T12:30:28Z ERROR pinepods_firewood] Before crossterm poll...
[2023-10-26T12:30:29Z ERROR pinepods_firewood] After crossterm poll...
[2023-10-26T12:30:29Z ERROR pinepods_firewood] Before crossterm poll...
[2023-10-26T12:30:30Z ERROR pinepods_firewood] After crossterm poll...
[2023-10-26T12:30:30Z ERROR pinepods_firewood] Before crossterm poll...
[2023-10-26T12:30:31Z ERROR pinepods_firewood] After crossterm poll...
[2023-10-26T12:30:31Z ERROR pinepods_firewood] Before crossterm poll...
[2023-10-26T12:30:32Z ERROR pinepods_firewood] After crossterm poll...
[2023-10-26T12:30:32Z ERROR pinepods_firewood] Before crossterm poll...
[2023-10-26T12:30:33Z ERROR pinepods_firewood] After crossterm poll...
[2023-10-26T12:30:33Z ERROR pinepods_firewood] Before crossterm poll...
[2023-10-26T12:30:34Z ERROR pinepods_firewood] After crossterm poll...
[2023-10-26T12:30:34Z ERROR pinepods_firewood] Before crossterm poll...
[2023-10-26T12:30:35Z ERROR pinepods_firewood] After crossterm poll...
[2023-10-26T12:30:35Z ERROR pinepods_firewood] Before crossterm poll...
[2023-10-26T12:30:36Z ERROR pinepods_firewood] After crossterm poll...
[2023-10-26T12:30:36Z ERROR pinepods_firewood] Before crossterm poll...
[2023-10-26T12:30:37Z ERROR pinepods_firewood] After crossterm poll...
[2023-10-26T12:30:37Z ERROR pinepods_firewood] Before crossterm poll...
[2023-10-26T12:30:38Z ERROR pinepods_firewood] After crossterm poll...
[2023-10-26T12:30:38Z ERROR pinepods_firewood] Before crossterm poll...
[2023-10-26T12:30:39Z ERROR pinepods_firewood] After crossterm poll...
[2023-10-26T12:30:39Z ERROR pinepods_firewood] Before crossterm poll...
[2023-10-26T12:30:40Z ERROR pinepods_firewood] After crossterm poll...
[2023-10-26T12:30:40Z ERROR pinepods_firewood] Before crossterm poll...
[2023-10-26T12:30:41Z ERROR pinepods_firewood] After crossterm poll...
[2023-10-26T12:30:41Z ERROR pinepods_firewood] Before crossterm poll...
[2023-10-26T12:30:42Z ERROR pinepods_firewood] After crossterm poll...
[2023-10-26T12:30:42Z ERROR pinepods_firewood] Before crossterm poll...
[2023-10-26T12:30:43Z ERROR pinepods_firewood] After crossterm poll...
[2023-10-26T12:30:43Z ERROR pinepods_firewood] Before crossterm poll...
[2023-10-26T12:30:44Z ERROR pinepods_firewood] After crossterm poll...
[2023-10-26T12:30:44Z ERROR pinepods_firewood] Before crossterm poll...
[2023-10-26T12:30:45Z ERROR pinepods_firewood] After crossterm poll...
[2023-10-26T12:30:45Z ERROR pinepods_firewood] Before crossterm poll...
[2023-10-26T12:30:46Z ERROR pinepods_firewood] After crossterm poll...
[2023-10-26T12:30:46Z ERROR pinepods_firewood] Before crossterm poll...
[2023-10-26T12:30:47Z ERROR pinepods_firewood] After crossterm poll...
[2023-10-26T12:30:47Z ERROR pinepods_firewood] Before crossterm poll...
[2023-10-26T12:30:48Z ERROR pinepods_firewood] After crossterm poll...
[2023-10-26T12:30:48Z ERROR pinepods_firewood] Before crossterm poll...
[2023-10-26T12:30:49Z ERROR pinepods_firewood] After crossterm poll...
[2023-10-26T12:30:49Z ERROR pinepods_firewood] Before crossterm poll...
[2023-10-26T12:30:50Z ERROR pinepods_firewood] After crossterm poll...
[2023-10-26T12:30:50Z ERROR pinepods_firewood] Before crossterm poll...
[2023-10-26T12:30:51Z ERROR pinepods_firewood] After crossterm poll...
[2023-10-26T12:30:51Z ERROR pinepods_firewood] Before crossterm poll...
[2023-10-26T12:30:52Z ERROR pinepods_firewood] After crossterm poll...
[2023-10-26T12:30:52Z ERROR pinepods_firewood] Before crossterm poll...
[2023-10-26T12:30:53Z ERROR pinepods_firewood] After crossterm poll...
[2023-10-26T12:30:53Z ERROR pinepods_firewood] Before crossterm poll...
[2023-10-26T12:30:54Z ERROR pinepods_firewood] After crossterm poll...
[2023-10-26T12:30:54Z ERROR pinepods_firewood] Before crossterm poll...
[2023-10-26T12:30:55Z ERROR pinepods_firewood] After crossterm poll...
[2023-10-26T12:30:55Z ERROR pinepods_firewood] Before crossterm poll...
[2023-10-26T12:30:56Z ERROR pinepods_firewood] After crossterm poll...
[2023-10-26T12:30:56Z ERROR pinepods_firewood] Before crossterm poll...
[2023-10-26T12:30:57Z ERROR pinepods_firewood] After crossterm poll...
[2023-10-26T12:30:57Z ERROR pinepods_firewood] Before crossterm poll...
[2023-10-26T12:30:58Z ERROR pinepods_firewood] After crossterm poll...
[2023-10-26T12:30:58Z ERROR pinepods_firewood] Before crossterm poll...
[2023-10-26T12:30:59Z ERROR pinepods_firewood] After crossterm poll...
[2023-10-26T12:30:59Z ERROR pinepods_firewood] Before crossterm poll...
[2023-10-26T12:31:00Z ERROR pinepods_firewood] After crossterm poll...
[2023-10-26T12:31:00Z ERROR pinepods_firewood] Before crossterm poll...
[2023-10-26T12:31:01Z ERROR pinepods_firewood] After crossterm poll...
[2023-10-26T12:31:01Z ERROR pinepods_firewood] Before crossterm poll...
[2023-10-26T12:31:02Z ERROR pinepods_firewood] After crossterm poll...
[2023-10-26T12:31:02Z ERROR pinepods_firewood] Before crossterm poll...
